Build started 28/02/2014 15:12:57.
     1>Project "C:\devtools\cocos2d-x-2.2.2\cocos2d-x-2.2.2\projects\4thYearProject-Windows-8-and-Window-Phone-8\proj.winrt\CocosProject.vcxproj" on node 5 (Build target(s)).
     1>ClCompile:
         C:\Program Files (x86)\Microsoft Visual Studio 11.0\VC\bin\CL.exe /c /I"C:\devtools\cocos2d-x-2.2.2\cocos2d-x-2.2.2\projects\4thYearProject-Windows-8-and-Window-Phone-8\proj.winrt\..\..\..\cocos2dx\platform\third_party\winrt\angleproject\include" /I"C:\devtools\cocos2d-x-2.2.2\cocos2d-x-2.2.2\projects\4thYearProject-Windows-8-and-Window-Phone-8\proj.winrt\..\..\..\cocos2dx\platform\third_party\winrt\angleproject\samples\gles2_book\Common" /I"C:\devtools\cocos2d-x-2.2.2\cocos2d-x-2.2.2\projects\4thYearProject-Windows-8-and-Window-Phone-8\proj.winrt\..\..\..\cocos2dx" /I"C:\devtools\cocos2d-x-2.2.2\cocos2d-x-2.2.2\projects\4thYearProject-Windows-8-and-Window-Phone-8\proj.winrt\..\..\..\cocos2dx\include" /I"C:\devtools\cocos2d-x-2.2.2\cocos2d-x-2.2.2\projects\4thYearProject-Windows-8-and-Window-Phone-8\proj.winrt\..\..\..\cocos2dx\kazmath\include" /I"C:\devtools\cocos2d-x-2.2.2\cocos2d-x-2.2.2\projects\4thYearProject-Windows-8-and-Window-Phone-8\proj.winrt\..\..\..\cocos2dx\platform\winrt" /I"C:\devtools\cocos2d-x-2.2.2\cocos2d-x-2.2.2\projects\4thYearProject-Windows-8-and-Window-Phone-8\proj.winrt\..\..\..\external" /I"C:\devtools\cocos2d-x-2.2.2\cocos2d-x-2.2.2\projects\4thYearProject-Windows-8-and-Window-Phone-8\proj.winrt\..\..\..\external\chipmunk\include\chipmunk" /I"C:\devtools\cocos2d-x-2.2.2\cocos2d-x-2.2.2\projects\4thYearProject-Windows-8-and-Window-Phone-8\proj.winrt\..\..\..\CocosDenshion\include" /I"C:\devtools\cocos2d-x-2.2.2\cocos2d-x-2.2.2\projects\4thYearProject-Windows-8-and-Window-Phone-8\proj.winrt\..\..\..\extensions" /I..\Classes /IC:\devtools\RakNet\DependentExtensions\WinPhone8 /IC:\devtools\RakNet\DependentExtensions\WinRT /IC:\devtools\RakNet\Source /I"C:\devtools\cocos2d-x-2.2.2\cocos2d-x-2.2.2\projects\4thYearProject-Windows-8-and-Window-Phone-8\proj.winrt\\" /I"Generated Files\\" /IWin32\Debug\ /Zi /ZW /ZW:nostdlib /nologo /W3 /WX- /sdl /MP /Od /Oy- /GL /D WINRT /D _WINRT /D COCOS2D_DEBUG=1 /D _CRT_SECURE_NO_WARNINGS /D _SCL_SECURE_NO_WARNINGS /D GL_GLEXT_PROTOTYPES /D CC_ENABLE_CHIPMUNK_INTEGRATION=1 /D _DEBUG /D WINDOWS_STORE_RT /D _RAKNET_SUPPORT_TCPInterface=0 /D _RAKNET_SUPPORT_PacketizedTCP=0 /D _RAKNET_SUPPORT_EmailSender=0 /D _RAKNET_SUPPORT_HTTPConnection=0 /D _RAKNET_SUPPORT_HTTPConnection2=0 /D _RAKNET_SUPPORT_TelnetTransport=0 /D _RAKNET_SUPPORT_NatTypeDetectionServer=0 /D _RAKNET_SUPPORT_UDPProxyServer=0 /D _RAKNET_SUPPORT_UDPProxyCoordinator=0 /D _RAKNET_SUPPORT_UDPForwarder=0 /D _UNICODE /D UNICODE /D _DEBUG /D WINAPI_FAMILY=WINAPI_FAMILY_APP /Gm- /EHsc /RTC1 /MDd /GS /fp:precise /Zc:wchar_t /Zc:forScope /Fo"Win32\Debug\\" /Fd"Win32\Debug\vc110.pdb" /Gd /TP /wd4267 /wd4251 /wd4244 /wd4453 /FU"C:\Program Files (x86)\Microsoft SDKs\Windows\v8.0\ExtensionSDKs\Microsoft.VCLibs\11.0\References\CommonConfiguration\neutral\platform.winmd" /FU"C:\Program Files (x86)\Windows Kits\8.0\References\CommonConfiguration\Neutral\Windows.winmd" /FU"C:\Program Files (x86)\Windows Kits\8.0\References\CommonConfiguration\Neutral\Windows.winmd" /analyze- /errorReport:prompt /D "_CRT_SECURE_NO_WARNINGS" ..\Classes\HelloWorldScene.cpp
         HelloWorldScene.cpp
       CreateWinMD:
         C:\Program Files (x86)\Microsoft Visual Studio 11.0\VC\bin\link.exe /ERRORREPORT:PROMPT /OUT:"C:\devtools\cocos2d-x-2.2.2\cocos2d-x-2.2.2\projects\4thYearProject-Windows-8-and-Window-Phone-8\proj.winrt\WinRT\Win32\Debug\CocosProject\CocosProject.exe" /INCREMENTAL:NO /NOLOGO ws2_32.lib kernel32.lib /NODEFAULTLIB:LIBCMT.lib /MANIFEST:NO /DEBUG /PDB:"C:\devtools\cocos2d-x-2.2.2\cocos2d-x-2.2.2\projects\4thYearProject-Windows-8-and-Window-Phone-8\proj.winrt\WinRT\Win32\Debug\CocosProject\CocosProject.pdb" /SUBSYSTEM:WINDOWS /LTCG /TLBID:1 /APPCONTAINER /WINMD:ONLY /WINMDFILE:"C:\devtools\cocos2d-x-2.2.2\cocos2d-x-2.2.2\projects\4thYearProject-Windows-8-and-Window-Phone-8\proj.winrt\WinRT\Win32\Debug\CocosProject\CocosProject.winmd" /DYNAMICBASE /NXCOMPAT /MACHINE:X86 Win32\Debug\ThreadEmulation.obj
         Win32\Debug\AppDelegate.obj
         Win32\Debug\HelloWorldScene.obj
         Win32\Debug\Base64Encoder.obj
         Win32\Debug\BitStream.obj
         Win32\Debug\CCRakNetSlidingWindow.obj
         Win32\Debug\CCRakNetUDT.obj
         Win32\Debug\CheckSum.obj
         Win32\Debug\CloudClient.obj
         Win32\Debug\CloudCommon.obj
         Win32\Debug\CloudServer.obj
         Win32\Debug\CommandParserInterface.obj
         Win32\Debug\ConnectionGraph2.obj
         Win32\Debug\ConsoleServer.obj
         Win32\Debug\DataCompressor.obj
         Win32\Debug\DirectoryDeltaTransfer.obj
         Win32\Debug\DR_SHA1.obj
         Win32\Debug\DS_BytePool.obj
         Win32\Debug\DS_ByteQueue.obj
         Win32\Debug\DS_HuffmanEncodingTree.obj
         Win32\Debug\DS_Table.obj
         Win32\Debug\DynDNS.obj
         Win32\Debug\EmailSender.obj
         Win32\Debug\EpochTimeToString.obj
         Win32\Debug\FileList.obj
         Win32\Debug\FileListTransfer.obj
         Win32\Debug\FileOperations.obj
         Win32\Debug\FormatString.obj
         Win32\Debug\FullyConnectedMesh2.obj
         Win32\Debug\Getche.obj
         Win32\Debug\Gets.obj
         Win32\Debug\GetTime.obj
         Win32\Debug\gettimeofday.obj
         Win32\Debug\GridSectorizer.obj
         Win32\Debug\HTTPConnection.obj
         Win32\Debug\HTTPConnection2.obj
         Win32\Debug\IncrementalReadInterface.obj
         Win32\Debug\Itoa.obj
         Win32\Debug\LinuxStrings.obj
         Win32\Debug\LocklessTypes.obj
         Win32\Debug\LogCommandParser.obj
         Win32\Debug\MessageFilter.obj
         Win32\Debug\NatPunchthroughClient.obj
         Win32\Debug\NatPunchthroughServer.obj
         Win32\Debug\NatTypeDetectionClient.obj
         Win32\Debug\NatTypeDetectionCommon.obj
         Win32\Debug\NatTypeDetectionServer.obj
         Win32\Debug\NetworkIDManager.obj
         Win32\Debug\NetworkIDObject.obj
         Win32\Debug\PacketConsoleLogger.obj
         Win32\Debug\PacketFileLogger.obj
         Win32\Debug\PacketizedTCP.obj
         Win32\Debug\PacketLogger.obj
         Win32\Debug\PacketOutputWindowLogger.obj
         Win32\Debug\PluginInterface2.obj
         Win32\Debug\PS4Includes.obj
         Win32\Debug\Rackspace.obj
         Win32\Debug\RakMemoryOverride.obj
         Win32\Debug\RakNetCommandParser.obj
         Win32\Debug\RakNetSocket.obj
         Win32\Debug\RakNetSocket2.obj
         Win32\Debug\RakNetSocket2_360_720.obj
         Win32\Debug\RakNetSocket2_Berkley.obj
         Win32\Debug\RakNetSocket2_Berkley_NativeClient.obj
         Win32\Debug\RakNetSocket2_NativeClient.obj
         Win32\Debug\RakNetSocket2_PS3_PS4.obj
         Win32\Debug\RakNetSocket2_PS4.obj
         Win32\Debug\RakNetSocket2_Vita.obj
         Win32\Debug\RakNetSocket2_WindowsStore8.obj
         Win32\Debug\RakNetSocket2_Windows_Linux.obj
         Win32\Debug\RakNetSocket2_Windows_Linux_360.obj
         Win32\Debug\RakNetStatistics.obj
         Win32\Debug\RakNetTransport2.obj
         Win32\Debug\RakNetTypes.obj
         Win32\Debug\RakPeer.obj
         Win32\Debug\RakSleep.obj
         Win32\Debug\RakString.obj
         Win32\Debug\RakThread.obj
         Win32\Debug\RakWString.obj
         Win32\Debug\Rand.obj
         Win32\Debug\RandSync.obj
         Win32\Debug\ReadyEvent.obj
         Win32\Debug\RelayPlugin.obj
         Win32\Debug\ReliabilityLayer.obj
         Win32\Debug\ReplicaManager3.obj
         Win32\Debug\Router2.obj
         Win32\Debug\RPC4Plugin.obj
         Win32\Debug\SecureHandshake.obj
         Win32\Debug\SendToThread.obj
         Win32\Debug\SignaledEvent.obj
         Win32\Debug\SimpleMutex.obj
         Win32\Debug\SocketLayer.obj
         Win32\Debug\StatisticsHistory.obj
         Win32\Debug\StringCompressor.obj
         Win32\Debug\StringTable.obj
         Win32\Debug\SuperFastHash.obj
         Win32\Debug\TableSerializer.obj
         Win32\Debug\TCPInterface.obj
         Win32\Debug\TeamBalancer.obj
         Win32\Debug\TeamManager.obj
         Win32\Debug\TelnetTransport.obj
         Win32\Debug\ThreadsafePacketLogger.obj
         Win32\Debug\TwoWayAuthentication.obj
         Win32\Debug\UDPForwarder.obj
         Win32\Debug\UDPProxyClient.obj
         Win32\Debug\UDPProxyCoordinator.obj
         Win32\Debug\UDPProxyServer.obj
         Win32\Debug\VariableDeltaSerializer.obj
         Win32\Debug\VariableListDeltaTracker.obj
         Win32\Debug\VariadicSQLParser.obj
         Win32\Debug\VitaIncludes.obj
         Win32\Debug\WSAStartupSingleton.obj
         Win32\Debug\_FindFirst.obj
         Win32\Debug\App.xaml.obj
         Win32\Debug\MainPage.xaml.obj
         Win32\Debug\pch.obj
         Win32\Debug\XamlTypeInfo.Impl.g.obj
         "C:\devtools\cocos2d-x-2.2.2\cocos2d-x-2.2.2\projects\4thYearProject-Windows-8-and-Window-Phone-8\proj.winrt\WinRT\redist\vs2012\Win32\Debug\libEGL_winrt\libEGL.lib"
         "C:\devtools\cocos2d-x-2.2.2\cocos2d-x-2.2.2\projects\4thYearProject-Windows-8-and-Window-Phone-8\proj.winrt\WinRT\redist\vs2012\Win32\Debug\libGLESv2_winrt\libGLESv2.lib"
         "C:\devtools\cocos2d-x-2.2.2\cocos2d-x-2.2.2\projects\4thYearProject-Windows-8-and-Window-Phone-8\proj.winrt\WinRT\Win32\Debug\cocos2d\libcocos2d.lib"
         "C:\devtools\cocos2d-x-2.2.2\cocos2d-x-2.2.2\projects\4thYearProject-Windows-8-and-Window-Phone-8\proj.winrt\WinRT\Win32\Debug\CocosDenshion\CocosDenshion.lib"
         "C:\devtools\cocos2d-x-2.2.2\cocos2d-x-2.2.2\projects\4thYearProject-Windows-8-and-Window-Phone-8\proj.winrt\WinRT\Win32\Debug\libExtensions\libExtensions.lib"
         "C:\devtools\cocos2d-x-2.2.2\cocos2d-x-2.2.2\projects\4thYearProject-Windows-8-and-Window-Phone-8\proj.winrt\WinRT\Win32\Debug\Box2D\libBox2D.lib"
         "C:\devtools\cocos2d-x-2.2.2\cocos2d-x-2.2.2\projects\4thYearProject-Windows-8-and-Window-Phone-8\proj.winrt\WinRT\Win32\Debug\chipmunk\libchipmunk.lib"
         Generating code
         Finished generating code
       Link:
         C:\Program Files (x86)\Microsoft Visual Studio 11.0\VC\bin\link.exe /ERRORREPORT:PROMPT /OUT:"C:\devtools\cocos2d-x-2.2.2\cocos2d-x-2.2.2\projects\4thYearProject-Windows-8-and-Window-Phone-8\proj.winrt\WinRT\Win32\Debug\CocosProject\CocosProject.exe" /INCREMENTAL:NO /NOLOGO ws2_32.lib kernel32.lib /NODEFAULTLIB:LIBCMT.lib /MANIFEST:NO /DEBUG /PDB:"C:\devtools\cocos2d-x-2.2.2\cocos2d-x-2.2.2\projects\4thYearProject-Windows-8-and-Window-Phone-8\proj.winrt\WinRT\Win32\Debug\CocosProject\CocosProject.pdb" /SUBSYSTEM:WINDOWS /LTCG /TLBID:1 /APPCONTAINER /WINMD:NO /WINMDFILE:"C:\devtools\cocos2d-x-2.2.2\cocos2d-x-2.2.2\projects\4thYearProject-Windows-8-and-Window-Phone-8\proj.winrt\WinRT\Win32\Debug\CocosProject\CocosProject.winmd" /DYNAMICBASE /NXCOMPAT /MACHINE:X86 Win32\Debug\ThreadEmulation.obj
         Win32\Debug\AppDelegate.obj
         Win32\Debug\HelloWorldScene.obj
         Win32\Debug\Base64Encoder.obj
         Win32\Debug\BitStream.obj
         Win32\Debug\CCRakNetSlidingWindow.obj
         Win32\Debug\CCRakNetUDT.obj
         Win32\Debug\CheckSum.obj
         Win32\Debug\CloudClient.obj
         Win32\Debug\CloudCommon.obj
         Win32\Debug\CloudServer.obj
         Win32\Debug\CommandParserInterface.obj
         Win32\Debug\ConnectionGraph2.obj
         Win32\Debug\ConsoleServer.obj
         Win32\Debug\DataCompressor.obj
         Win32\Debug\DirectoryDeltaTransfer.obj
         Win32\Debug\DR_SHA1.obj
         Win32\Debug\DS_BytePool.obj
         Win32\Debug\DS_ByteQueue.obj
         Win32\Debug\DS_HuffmanEncodingTree.obj
         Win32\Debug\DS_Table.obj
         Win32\Debug\DynDNS.obj
         Win32\Debug\EmailSender.obj
         Win32\Debug\EpochTimeToString.obj
         Win32\Debug\FileList.obj
         Win32\Debug\FileListTransfer.obj
         Win32\Debug\FileOperations.obj
         Win32\Debug\FormatString.obj
         Win32\Debug\FullyConnectedMesh2.obj
         Win32\Debug\Getche.obj
         Win32\Debug\Gets.obj
         Win32\Debug\GetTime.obj
         Win32\Debug\gettimeofday.obj
         Win32\Debug\GridSectorizer.obj
         Win32\Debug\HTTPConnection.obj
         Win32\Debug\HTTPConnection2.obj
         Win32\Debug\IncrementalReadInterface.obj
         Win32\Debug\Itoa.obj
         Win32\Debug\LinuxStrings.obj
         Win32\Debug\LocklessTypes.obj
         Win32\Debug\LogCommandParser.obj
         Win32\Debug\MessageFilter.obj
         Win32\Debug\NatPunchthroughClient.obj
         Win32\Debug\NatPunchthroughServer.obj
         Win32\Debug\NatTypeDetectionClient.obj
         Win32\Debug\NatTypeDetectionCommon.obj
         Win32\Debug\NatTypeDetectionServer.obj
         Win32\Debug\NetworkIDManager.obj
         Win32\Debug\NetworkIDObject.obj
         Win32\Debug\PacketConsoleLogger.obj
         Win32\Debug\PacketFileLogger.obj
         Win32\Debug\PacketizedTCP.obj
         Win32\Debug\PacketLogger.obj
         Win32\Debug\PacketOutputWindowLogger.obj
         Win32\Debug\PluginInterface2.obj
         Win32\Debug\PS4Includes.obj
         Win32\Debug\Rackspace.obj
         Win32\Debug\RakMemoryOverride.obj
         Win32\Debug\RakNetCommandParser.obj
         Win32\Debug\RakNetSocket.obj
         Win32\Debug\RakNetSocket2.obj
         Win32\Debug\RakNetSocket2_360_720.obj
         Win32\Debug\RakNetSocket2_Berkley.obj
         Win32\Debug\RakNetSocket2_Berkley_NativeClient.obj
         Win32\Debug\RakNetSocket2_NativeClient.obj
         Win32\Debug\RakNetSocket2_PS3_PS4.obj
         Win32\Debug\RakNetSocket2_PS4.obj
         Win32\Debug\RakNetSocket2_Vita.obj
         Win32\Debug\RakNetSocket2_WindowsStore8.obj
         Win32\Debug\RakNetSocket2_Windows_Linux.obj
         Win32\Debug\RakNetSocket2_Windows_Linux_360.obj
         Win32\Debug\RakNetStatistics.obj
         Win32\Debug\RakNetTransport2.obj
         Win32\Debug\RakNetTypes.obj
         Win32\Debug\RakPeer.obj
         Win32\Debug\RakSleep.obj
         Win32\Debug\RakString.obj
         Win32\Debug\RakThread.obj
         Win32\Debug\RakWString.obj
         Win32\Debug\Rand.obj
         Win32\Debug\RandSync.obj
         Win32\Debug\ReadyEvent.obj
         Win32\Debug\RelayPlugin.obj
         Win32\Debug\ReliabilityLayer.obj
         Win32\Debug\ReplicaManager3.obj
         Win32\Debug\Router2.obj
         Win32\Debug\RPC4Plugin.obj
         Win32\Debug\SecureHandshake.obj
         Win32\Debug\SendToThread.obj
         Win32\Debug\SignaledEvent.obj
         Win32\Debug\SimpleMutex.obj
         Win32\Debug\SocketLayer.obj
         Win32\Debug\StatisticsHistory.obj
         Win32\Debug\StringCompressor.obj
         Win32\Debug\StringTable.obj
         Win32\Debug\SuperFastHash.obj
         Win32\Debug\TableSerializer.obj
         Win32\Debug\TCPInterface.obj
         Win32\Debug\TeamBalancer.obj
         Win32\Debug\TeamManager.obj
         Win32\Debug\TelnetTransport.obj
         Win32\Debug\ThreadsafePacketLogger.obj
         Win32\Debug\TwoWayAuthentication.obj
         Win32\Debug\UDPForwarder.obj
         Win32\Debug\UDPProxyClient.obj
         Win32\Debug\UDPProxyCoordinator.obj
         Win32\Debug\UDPProxyServer.obj
         Win32\Debug\VariableDeltaSerializer.obj
         Win32\Debug\VariableListDeltaTracker.obj
         Win32\Debug\VariadicSQLParser.obj
         Win32\Debug\VitaIncludes.obj
         Win32\Debug\WSAStartupSingleton.obj
         Win32\Debug\_FindFirst.obj
         Win32\Debug\App.xaml.obj
         Win32\Debug\MainPage.xaml.obj
         Win32\Debug\pch.obj
         Win32\Debug\XamlTypeInfo.Impl.g.obj
         "C:\devtools\cocos2d-x-2.2.2\cocos2d-x-2.2.2\projects\4thYearProject-Windows-8-and-Window-Phone-8\proj.winrt\WinRT\redist\vs2012\Win32\Debug\libEGL_winrt\libEGL.lib"
         "C:\devtools\cocos2d-x-2.2.2\cocos2d-x-2.2.2\projects\4thYearProject-Windows-8-and-Window-Phone-8\proj.winrt\WinRT\redist\vs2012\Win32\Debug\libGLESv2_winrt\libGLESv2.lib"
         "C:\devtools\cocos2d-x-2.2.2\cocos2d-x-2.2.2\projects\4thYearProject-Windows-8-and-Window-Phone-8\proj.winrt\WinRT\Win32\Debug\cocos2d\libcocos2d.lib"
         "C:\devtools\cocos2d-x-2.2.2\cocos2d-x-2.2.2\projects\4thYearProject-Windows-8-and-Window-Phone-8\proj.winrt\WinRT\Win32\Debug\CocosDenshion\CocosDenshion.lib"
         "C:\devtools\cocos2d-x-2.2.2\cocos2d-x-2.2.2\projects\4thYearProject-Windows-8-and-Window-Phone-8\proj.winrt\WinRT\Win32\Debug\libExtensions\libExtensions.lib"
         "C:\devtools\cocos2d-x-2.2.2\cocos2d-x-2.2.2\projects\4thYearProject-Windows-8-and-Window-Phone-8\proj.winrt\WinRT\Win32\Debug\Box2D\libBox2D.lib"
         "C:\devtools\cocos2d-x-2.2.2\cocos2d-x-2.2.2\projects\4thYearProject-Windows-8-and-Window-Phone-8\proj.winrt\WinRT\Win32\Debug\chipmunk\libchipmunk.lib"
         Win32\Debug\XamlTypeInfo.g.obj
            Creating library C:\devtools\cocos2d-x-2.2.2\cocos2d-x-2.2.2\projects\4thYearProject-Windows-8-and-Window-Phone-8\proj.winrt\WinRT\Win32\Debug\CocosProject\CocosProject.lib and object C:\devtools\cocos2d-x-2.2.2\cocos2d-x-2.2.2\projects\4thYearProject-Windows-8-and-Window-Phone-8\proj.winrt\WinRT\Win32\Debug\CocosProject\CocosProject.exp
         Generating code
         Finished generating code
         CocosProject.vcxproj -> C:\devtools\cocos2d-x-2.2.2\cocos2d-x-2.2.2\projects\4thYearProject-Windows-8-and-Window-Phone-8\proj.winrt\WinRT\Win32\Debug\CocosProject\CocosProject.exe
     1>Done Building Project "C:\devtools\cocos2d-x-2.2.2\cocos2d-x-2.2.2\projects\4thYearProject-Windows-8-and-Window-Phone-8\proj.winrt\CocosProject.vcxproj" (Build target(s)).

Build succeeded.

Time Elapsed 00:00:12.60
