C:\DEVTOOLS\COCOS2D-X-2.2.2\COCOS2D-X-2.2.2\PROJECTS\4THYEARPROJECT-WINDOWS-8-AND-WINDOW-PHONE-8\PROJ.WINRT\WIN32\DEBUG\THREADEMULATIONWIN8.OBJ
C:\DEVTOOLS\COCOS2D-X-2.2.2\COCOS2D-X-2.2.2\PROJECTS\4THYEARPROJECT-WINDOWS-8-AND-WINDOW-PHONE-8\PROJ.WINRT\WIN32\DEBUG\MAINPAGE.XAML.OBJ
C:\DEVTOOLS\COCOS2D-X-2.2.2\COCOS2D-X-2.2.2\PROJECTS\4THYEARPROJECT-WINDOWS-8-AND-WINDOW-PHONE-8\PROJ.WINRT\WIN32\DEBUG\XAMLTYPEINFO.IMPL.G.OBJ
C:\DEVTOOLS\COCOS2D-X-2.2.2\COCOS2D-X-2.2.2\PROJECTS\4THYEARPROJECT-WINDOWS-8-AND-WINDOW-PHONE-8\PROJ.WINRT\WIN32\DEBUG\APP.XAML.OBJ
C:\DEVTOOLS\COCOS2D-X-2.2.2\COCOS2D-X-2.2.2\PROJECTS\4THYEARPROJECT-WINDOWS-8-AND-WINDOW-PHONE-8\PROJ.WINRT\WIN32\DEBUG\VC110.PDB
C:\DEVTOOLS\COCOS2D-X-2.2.2\COCOS2D-X-2.2.2\PROJECTS\4THYEARPROJECT-WINDOWS-8-AND-WINDOW-PHONE-8\PROJ.WINRT\WIN32\DEBUG\THREADEMULATION.OBJ
C:\DEVTOOLS\COCOS2D-X-2.2.2\COCOS2D-X-2.2.2\PROJECTS\4THYEARPROJECT-WINDOWS-8-AND-WINDOW-PHONE-8\PROJ.WINRT\WIN32\DEBUG\PCH.PCH
C:\DEVTOOLS\COCOS2D-X-2.2.2\COCOS2D-X-2.2.2\PROJECTS\4THYEARPROJECT-WINDOWS-8-AND-WINDOW-PHONE-8\PROJ.WINRT\WIN32\DEBUG\PCH.OBJ
C:\DEVTOOLS\COCOS2D-X-2.2.2\COCOS2D-X-2.2.2\PROJECTS\4THYEARPROJECT-WINDOWS-8-AND-WINDOW-PHONE-8\PROJ.WINRT\WIN32\DEBUG\APPDELEGATE.OBJ
C:\DEVTOOLS\COCOS2D-X-2.2.2\COCOS2D-X-2.2.2\PROJECTS\4THYEARPROJECT-WINDOWS-8-AND-WINDOW-PHONE-8\PROJ.WINRT\WIN32\DEBUG\XAMLTYPEINFO.G.OBJ
C:\DEVTOOLS\COCOS2D-X-2.2.2\COCOS2D-X-2.2.2\PROJECTS\4THYEARPROJECT-WINDOWS-8-AND-WINDOW-PHONE-8\PROJ.WINRT\WIN32\DEBUG\HELLOWORLDSCENE.OBJ
C:\DEVTOOLS\COCOS2D-X-2.2.2\COCOS2D-X-2.2.2\PROJECTS\4THYEARPROJECT-WINDOWS-8-AND-WINDOW-PHONE-8\PROJ.WINRT\WINRT\WIN32\DEBUG\COCOSPROJECT\COCOSPROJECT.WINMD
C:\devtools\cocos2d-x-2.2.2\cocos2d-x-2.2.2\projects\4thYearProject-Windows-8-and-Window-Phone-8\proj.winrt\Win32\Debug\App.xaml.obj
C:\devtools\cocos2d-x-2.2.2\cocos2d-x-2.2.2\projects\4thYearProject-Windows-8-and-Window-Phone-8\proj.winrt\Win32\Debug\AppDelegate.obj
C:\devtools\cocos2d-x-2.2.2\cocos2d-x-2.2.2\projects\4thYearProject-Windows-8-and-Window-Phone-8\proj.winrt\Win32\Debug\HelloWorldScene.obj
C:\devtools\cocos2d-x-2.2.2\cocos2d-x-2.2.2\projects\4thYearProject-Windows-8-and-Window-Phone-8\proj.winrt\Win32\Debug\MainPage.xaml.obj
C:\devtools\cocos2d-x-2.2.2\cocos2d-x-2.2.2\projects\4thYearProject-Windows-8-and-Window-Phone-8\proj.winrt\Win32\Debug\pch.obj
C:\devtools\cocos2d-x-2.2.2\cocos2d-x-2.2.2\projects\4thYearProject-Windows-8-and-Window-Phone-8\proj.winrt\Win32\Debug\ThreadEmulation.obj
C:\devtools\cocos2d-x-2.2.2\cocos2d-x-2.2.2\projects\4thYearProject-Windows-8-and-Window-Phone-8\proj.winrt\Win32\Debug\ThreadEmulationWin8.obj
C:\devtools\cocos2d-x-2.2.2\cocos2d-x-2.2.2\projects\4thYearProject-Windows-8-and-Window-Phone-8\proj.winrt\Win32\Debug\XamlTypeInfo.g.obj
C:\devtools\cocos2d-x-2.2.2\cocos2d-x-2.2.2\projects\4thYearProject-Windows-8-and-Window-Phone-8\proj.winrt\Win32\Debug\XamlTypeInfo.Impl.g.obj
C:\devtools\cocos2d-x-2.2.2\cocos2d-x-2.2.2\projects\4thYearProject-Windows-8-and-Window-Phone-8\proj.winrt\Win32\Debug\CL.1292.read.1.tlog
C:\devtools\cocos2d-x-2.2.2\cocos2d-x-2.2.2\projects\4thYearProject-Windows-8-and-Window-Phone-8\proj.winrt\Win32\Debug\CL.1292.write.1.tlog
C:\devtools\cocos2d-x-2.2.2\cocos2d-x-2.2.2\projects\4thYearProject-Windows-8-and-Window-Phone-8\proj.winrt\Win32\Debug\CL.3352.read.1.tlog
C:\devtools\cocos2d-x-2.2.2\cocos2d-x-2.2.2\projects\4thYearProject-Windows-8-and-Window-Phone-8\proj.winrt\Win32\Debug\CL.3352.write.1.tlog
C:\devtools\cocos2d-x-2.2.2\cocos2d-x-2.2.2\projects\4thYearProject-Windows-8-and-Window-Phone-8\proj.winrt\Win32\Debug\CL.3552.read.1.tlog
C:\devtools\cocos2d-x-2.2.2\cocos2d-x-2.2.2\projects\4thYearProject-Windows-8-and-Window-Phone-8\proj.winrt\Win32\Debug\CL.3552.write.1.tlog
C:\devtools\cocos2d-x-2.2.2\cocos2d-x-2.2.2\projects\4thYearProject-Windows-8-and-Window-Phone-8\proj.winrt\Win32\Debug\CL.3652.read.1.tlog
C:\devtools\cocos2d-x-2.2.2\cocos2d-x-2.2.2\projects\4thYearProject-Windows-8-and-Window-Phone-8\proj.winrt\Win32\Debug\CL.3652.write.1.tlog
C:\devtools\cocos2d-x-2.2.2\cocos2d-x-2.2.2\projects\4thYearProject-Windows-8-and-Window-Phone-8\proj.winrt\Win32\Debug\CL.4220.read.1.tlog
C:\devtools\cocos2d-x-2.2.2\cocos2d-x-2.2.2\projects\4thYearProject-Windows-8-and-Window-Phone-8\proj.winrt\Win32\Debug\CL.4220.write.1.tlog
C:\devtools\cocos2d-x-2.2.2\cocos2d-x-2.2.2\projects\4thYearProject-Windows-8-and-Window-Phone-8\proj.winrt\Win32\Debug\CL.4336.read.1.tlog
C:\devtools\cocos2d-x-2.2.2\cocos2d-x-2.2.2\projects\4thYearProject-Windows-8-and-Window-Phone-8\proj.winrt\Win32\Debug\CL.4336.write.1.tlog
C:\devtools\cocos2d-x-2.2.2\cocos2d-x-2.2.2\projects\4thYearProject-Windows-8-and-Window-Phone-8\proj.winrt\Win32\Debug\CL.4632.read.1.tlog
C:\devtools\cocos2d-x-2.2.2\cocos2d-x-2.2.2\projects\4thYearProject-Windows-8-and-Window-Phone-8\proj.winrt\Win32\Debug\CL.4632.write.1.tlog
C:\devtools\cocos2d-x-2.2.2\cocos2d-x-2.2.2\projects\4thYearProject-Windows-8-and-Window-Phone-8\proj.winrt\Win32\Debug\CL.4728.read.1.tlog
C:\devtools\cocos2d-x-2.2.2\cocos2d-x-2.2.2\projects\4thYearProject-Windows-8-and-Window-Phone-8\proj.winrt\Win32\Debug\CL.4728.write.1.tlog
C:\devtools\cocos2d-x-2.2.2\cocos2d-x-2.2.2\projects\4thYearProject-Windows-8-and-Window-Phone-8\proj.winrt\Win32\Debug\CL.5084.read.1.tlog
C:\devtools\cocos2d-x-2.2.2\cocos2d-x-2.2.2\projects\4thYearProject-Windows-8-and-Window-Phone-8\proj.winrt\Win32\Debug\CL.5084.write.1.tlog
C:\devtools\cocos2d-x-2.2.2\cocos2d-x-2.2.2\projects\4thYearProject-Windows-8-and-Window-Phone-8\proj.winrt\Win32\Debug\CL.5172.read.1.tlog
C:\devtools\cocos2d-x-2.2.2\cocos2d-x-2.2.2\projects\4thYearProject-Windows-8-and-Window-Phone-8\proj.winrt\Win32\Debug\CL.5172.write.1.tlog
C:\devtools\cocos2d-x-2.2.2\cocos2d-x-2.2.2\projects\4thYearProject-Windows-8-and-Window-Phone-8\proj.winrt\Win32\Debug\CL.5240.read.1.tlog
C:\devtools\cocos2d-x-2.2.2\cocos2d-x-2.2.2\projects\4thYearProject-Windows-8-and-Window-Phone-8\proj.winrt\Win32\Debug\CL.5240.write.1.tlog
C:\devtools\cocos2d-x-2.2.2\cocos2d-x-2.2.2\projects\4thYearProject-Windows-8-and-Window-Phone-8\proj.winrt\Win32\Debug\CL.5248.read.1.tlog
C:\devtools\cocos2d-x-2.2.2\cocos2d-x-2.2.2\projects\4thYearProject-Windows-8-and-Window-Phone-8\proj.winrt\Win32\Debug\CL.5248.write.1.tlog
C:\devtools\cocos2d-x-2.2.2\cocos2d-x-2.2.2\projects\4thYearProject-Windows-8-and-Window-Phone-8\proj.winrt\Win32\Debug\CL.5276.read.1.tlog
C:\devtools\cocos2d-x-2.2.2\cocos2d-x-2.2.2\projects\4thYearProject-Windows-8-and-Window-Phone-8\proj.winrt\Win32\Debug\CL.5276.write.1.tlog
C:\devtools\cocos2d-x-2.2.2\cocos2d-x-2.2.2\projects\4thYearProject-Windows-8-and-Window-Phone-8\proj.winrt\Win32\Debug\CL.5548.read.1.tlog
C:\devtools\cocos2d-x-2.2.2\cocos2d-x-2.2.2\projects\4thYearProject-Windows-8-and-Window-Phone-8\proj.winrt\Win32\Debug\CL.5548.write.1.tlog
C:\devtools\cocos2d-x-2.2.2\cocos2d-x-2.2.2\projects\4thYearProject-Windows-8-and-Window-Phone-8\proj.winrt\Win32\Debug\CL.644.read.1.tlog
C:\devtools\cocos2d-x-2.2.2\cocos2d-x-2.2.2\projects\4thYearProject-Windows-8-and-Window-Phone-8\proj.winrt\Win32\Debug\CL.644.write.1.tlog
C:\devtools\cocos2d-x-2.2.2\cocos2d-x-2.2.2\projects\4thYearProject-Windows-8-and-Window-Phone-8\proj.winrt\Win32\Debug\CL.6452.read.1.tlog
C:\devtools\cocos2d-x-2.2.2\cocos2d-x-2.2.2\projects\4thYearProject-Windows-8-and-Window-Phone-8\proj.winrt\Win32\Debug\CL.6452.write.1.tlog
C:\devtools\cocos2d-x-2.2.2\cocos2d-x-2.2.2\projects\4thYearProject-Windows-8-and-Window-Phone-8\proj.winrt\Win32\Debug\CL.6472.read.1.tlog
C:\devtools\cocos2d-x-2.2.2\cocos2d-x-2.2.2\projects\4thYearProject-Windows-8-and-Window-Phone-8\proj.winrt\Win32\Debug\CL.6472.write.1.tlog
C:\devtools\cocos2d-x-2.2.2\cocos2d-x-2.2.2\projects\4thYearProject-Windows-8-and-Window-Phone-8\proj.winrt\Win32\Debug\CL.6668.read.1.tlog
C:\devtools\cocos2d-x-2.2.2\cocos2d-x-2.2.2\projects\4thYearProject-Windows-8-and-Window-Phone-8\proj.winrt\Win32\Debug\CL.6668.write.1.tlog
C:\devtools\cocos2d-x-2.2.2\cocos2d-x-2.2.2\projects\4thYearProject-Windows-8-and-Window-Phone-8\proj.winrt\Win32\Debug\CL.6904.read.1.tlog
C:\devtools\cocos2d-x-2.2.2\cocos2d-x-2.2.2\projects\4thYearProject-Windows-8-and-Window-Phone-8\proj.winrt\Win32\Debug\CL.6904.write.1.tlog
C:\devtools\cocos2d-x-2.2.2\cocos2d-x-2.2.2\projects\4thYearProject-Windows-8-and-Window-Phone-8\proj.winrt\Win32\Debug\CL.6972.read.1.tlog
C:\devtools\cocos2d-x-2.2.2\cocos2d-x-2.2.2\projects\4thYearProject-Windows-8-and-Window-Phone-8\proj.winrt\Win32\Debug\CL.6972.write.1.tlog
C:\devtools\cocos2d-x-2.2.2\cocos2d-x-2.2.2\projects\4thYearProject-Windows-8-and-Window-Phone-8\proj.winrt\Win32\Debug\CL.7084.read.1.tlog
C:\devtools\cocos2d-x-2.2.2\cocos2d-x-2.2.2\projects\4thYearProject-Windows-8-and-Window-Phone-8\proj.winrt\Win32\Debug\CL.7084.write.1.tlog
C:\devtools\cocos2d-x-2.2.2\cocos2d-x-2.2.2\projects\4thYearProject-Windows-8-and-Window-Phone-8\proj.winrt\Win32\Debug\CL.7112.read.1.tlog
C:\devtools\cocos2d-x-2.2.2\cocos2d-x-2.2.2\projects\4thYearProject-Windows-8-and-Window-Phone-8\proj.winrt\Win32\Debug\CL.7112.write.1.tlog
C:\devtools\cocos2d-x-2.2.2\cocos2d-x-2.2.2\projects\4thYearProject-Windows-8-and-Window-Phone-8\proj.winrt\Win32\Debug\CL.868.read.1.tlog
C:\devtools\cocos2d-x-2.2.2\cocos2d-x-2.2.2\projects\4thYearProject-Windows-8-and-Window-Phone-8\proj.winrt\Win32\Debug\CL.868.write.1.tlog
C:\devtools\cocos2d-x-2.2.2\cocos2d-x-2.2.2\projects\4thYearProject-Windows-8-and-Window-Phone-8\proj.winrt\Win32\Debug\cl.command.1.tlog
C:\devtools\cocos2d-x-2.2.2\cocos2d-x-2.2.2\projects\4thYearProject-Windows-8-and-Window-Phone-8\proj.winrt\Win32\Debug\CL.read.1.tlog
C:\devtools\cocos2d-x-2.2.2\cocos2d-x-2.2.2\projects\4thYearProject-Windows-8-and-Window-Phone-8\proj.winrt\Win32\Debug\CL.write.1.tlog
C:\devtools\cocos2d-x-2.2.2\cocos2d-x-2.2.2\projects\4thYearProject-Windows-8-and-Window-Phone-8\proj.winrt\Win32\Debug\link.command.1.tlog
C:\devtools\cocos2d-x-2.2.2\cocos2d-x-2.2.2\projects\4thYearProject-Windows-8-and-Window-Phone-8\proj.winrt\Win32\Debug\link.read.1.tlog
C:\devtools\cocos2d-x-2.2.2\cocos2d-x-2.2.2\projects\4thYearProject-Windows-8-and-Window-Phone-8\proj.winrt\Win32\Debug\link.write.1.tlog
C:\devtools\cocos2d-x-2.2.2\cocos2d-x-2.2.2\projects\4thYearProject-Windows-8-and-Window-Phone-8\proj.winrt\Win32\Debug\pch.pch
C:\devtools\cocos2d-x-2.2.2\cocos2d-x-2.2.2\projects\4thYearProject-Windows-8-and-Window-Phone-8\proj.winrt\Win32\Debug\vc110.pdb
C:\devtools\cocos2d-x-2.2.2\cocos2d-x-2.2.2\projects\4thYearProject-Windows-8-and-Window-Phone-8\proj.winrt\Generated Files\App.g.h
C:\devtools\cocos2d-x-2.2.2\cocos2d-x-2.2.2\projects\4thYearProject-Windows-8-and-Window-Phone-8\proj.winrt\Generated Files\MainPage.g.h
C:\devtools\cocos2d-x-2.2.2\cocos2d-x-2.2.2\projects\4thYearProject-Windows-8-and-Window-Phone-8\proj.winrt\Generated Files\XamlTypeInfo.g.h
C:\devtools\cocos2d-x-2.2.2\cocos2d-x-2.2.2\projects\4thYearProject-Windows-8-and-Window-Phone-8\proj.winrt\Generated Files\XamlLibMetadataProvider.g.cpp
C:\devtools\cocos2d-x-2.2.2\cocos2d-x-2.2.2\projects\4thYearProject-Windows-8-and-Window-Phone-8\proj.winrt\Generated Files\XamlTypeInfo.g.cpp
C:\devtools\cocos2d-x-2.2.2\cocos2d-x-2.2.2\projects\4thYearProject-Windows-8-and-Window-Phone-8\proj.winrt\Generated Files\XamlTypeInfo.Impl.g.cpp
C:\devtools\cocos2d-x-2.2.2\cocos2d-x-2.2.2\projects\4thYearProject-Windows-8-and-Window-Phone-8\proj.winrt\Generated Files\App.xaml
C:\devtools\cocos2d-x-2.2.2\cocos2d-x-2.2.2\projects\4thYearProject-Windows-8-and-Window-Phone-8\proj.winrt\Generated Files\MainPage.xaml
