Build started 27/02/2014 16:37:31.
     1>Project "C:\devtools\cocos2d-x-2.2.2\cocos2d-x-2.2.2\projects\4thYearProject-Windows-8-and-Window-Phone-8\proj.wp8\CocosProject.vcxproj" on node 2 (Build target(s)).
     1>Link:
         C:\Program Files (x86)\Microsoft Visual Studio 11.0\VC\WPSDK\WP80\bin\link.exe /ERRORREPORT:PROMPT /OUT:"C:\devtools\cocos2d-x-2.2.2\cocos2d-x-2.2.2\projects\4thYearProject-Windows-8-and-Window-Phone-8\proj.wp8\WP8\Win32\Debug\CocosProject\CocosProject.exe" /INCREMENTAL:NO /NOLOGO d3d11.lib ws2_32.lib WindowsPhoneCore.lib RuntimeObject.lib PhoneAppModelHost.lib /NODEFAULTLIB:ole32.lib /MANIFEST:NO /DEBUG /PDB:"C:\devtools\cocos2d-x-2.2.2\cocos2d-x-2.2.2\projects\4thYearProject-Windows-8-and-Window-Phone-8\proj.wp8\WP8\Win32\Debug\CocosProject\CocosProject.pdb" /SUBSYSTEM:WINDOWS /LTCG /TLBID:1 /WINMD:NO /WINMDFILE:"C:\devtools\cocos2d-x-2.2.2\cocos2d-x-2.2.2\projects\4thYearProject-Windows-8-and-Window-Phone-8\proj.wp8\WP8\Win32\Debug\CocosProject\CocosProject.winmd" /DYNAMICBASE /NXCOMPAT /MACHINE:X86 /IGNORE:4264 Debug\ThreadEmulation.obj
         Debug\AppDelegate.obj
         Debug\HelloWorldScene.obj
         Debug\Base64Encoder.obj
         Debug\BitStream.obj
         Debug\CCRakNetSlidingWindow.obj
         Debug\CCRakNetUDT.obj
         Debug\CheckSum.obj
         Debug\CloudClient.obj
         Debug\CloudCommon.obj
         Debug\CloudServer.obj
         Debug\CommandParserInterface.obj
         Debug\ConnectionGraph2.obj
         Debug\ConsoleServer.obj
         Debug\DataCompressor.obj
         Debug\DirectoryDeltaTransfer.obj
         Debug\DR_SHA1.obj
         Debug\DS_BytePool.obj
         Debug\DS_ByteQueue.obj
         Debug\DS_HuffmanEncodingTree.obj
         Debug\DS_Table.obj
         Debug\DynDNS.obj
         Debug\EmailSender.obj
         Debug\EpochTimeToString.obj
         Debug\FileList.obj
         Debug\FileListTransfer.obj
         Debug\FileOperations.obj
         Debug\FormatString.obj
         Debug\FullyConnectedMesh2.obj
         Debug\Getche.obj
         Debug\Gets.obj
         Debug\GetTime.obj
         Debug\gettimeofday.obj
         Debug\GridSectorizer.obj
         Debug\HTTPConnection.obj
         Debug\HTTPConnection2.obj
         Debug\IncrementalReadInterface.obj
         Debug\Itoa.obj
         Debug\LinuxStrings.obj
         Debug\LocklessTypes.obj
         Debug\LogCommandParser.obj
         Debug\MessageFilter.obj
         Debug\NatPunchthroughClient.obj
         Debug\NatPunchthroughServer.obj
         Debug\NatTypeDetectionClient.obj
         Debug\NatTypeDetectionCommon.obj
         Debug\NatTypeDetectionServer.obj
         Debug\NetworkIDManager.obj
         Debug\NetworkIDObject.obj
         Debug\PacketConsoleLogger.obj
         Debug\PacketFileLogger.obj
         Debug\PacketizedTCP.obj
         Debug\PacketLogger.obj
         Debug\PacketOutputWindowLogger.obj
         Debug\PluginInterface2.obj
         Debug\PS4Includes.obj
         Debug\Rackspace.obj
         Debug\RakMemoryOverride.obj
         Debug\RakNetCommandParser.obj
         Debug\RakNetSocket.obj
         Debug\RakNetSocket2.obj
         Debug\RakNetSocket2_360_720.obj
         Debug\RakNetSocket2_Berkley.obj
         Debug\RakNetSocket2_Berkley_NativeClient.obj
         Debug\RakNetSocket2_NativeClient.obj
         Debug\RakNetSocket2_PS3_PS4.obj
         Debug\RakNetSocket2_PS4.obj
         Debug\RakNetSocket2_Vita.obj
         Debug\RakNetSocket2_WindowsStore8.obj
         Debug\RakNetSocket2_Windows_Linux.obj
         Debug\RakNetSocket2_Windows_Linux_360.obj
         Debug\RakNetStatistics.obj
         Debug\RakNetTransport2.obj
         Debug\RakNetTypes.obj
         Debug\RakPeer.obj
         Debug\RakSleep.obj
         Debug\RakString.obj
         Debug\RakThread.obj
         Debug\RakWString.obj
         Debug\Rand.obj
         Debug\RandSync.obj
         Debug\ReadyEvent.obj
         Debug\RelayPlugin.obj
         Debug\ReliabilityLayer.obj
         Debug\ReplicaManager3.obj
         Debug\Router2.obj
         Debug\RPC4Plugin.obj
         Debug\SecureHandshake.obj
         Debug\SendToThread.obj
         Debug\SignaledEvent.obj
         Debug\SimpleMutex.obj
         Debug\SocketLayer.obj
         Debug\StatisticsHistory.obj
         Debug\StringCompressor.obj
         Debug\StringTable.obj
         Debug\SuperFastHash.obj
         Debug\TableSerializer.obj
         Debug\TCPInterface.obj
         Debug\TeamBalancer.obj
         Debug\TeamManager.obj
         Debug\TelnetTransport.obj
         Debug\ThreadsafePacketLogger.obj
         Debug\TwoWayAuthentication.obj
         Debug\UDPForwarder.obj
         Debug\UDPProxyClient.obj
         Debug\UDPProxyCoordinator.obj
         Debug\UDPProxyServer.obj
         Debug\VariableDeltaSerializer.obj
         Debug\VariableListDeltaTracker.obj
         Debug\VariadicSQLParser.obj
         Debug\VitaIncludes.obj
         Debug\WSAStartupSingleton.obj
         Debug\_FindFirst.obj
         Debug\CocosProject.obj
         "C:\devtools\cocos2d-x-2.2.2\cocos2d-x-2.2.2\projects\4thYearProject-Windows-8-and-Window-Phone-8\proj.wp8\WP8\redist\vs2012\Win32\Debug\libEGL_phone\libEGL_phone.lib"
         "C:\devtools\cocos2d-x-2.2.2\cocos2d-x-2.2.2\projects\4thYearProject-Windows-8-and-Window-Phone-8\proj.wp8\WP8\redist\vs2012\Win32\Debug\libGLESv2_phone\libGLESv2_phone.lib"
         "C:\devtools\cocos2d-x-2.2.2\cocos2d-x-2.2.2\projects\4thYearProject-Windows-8-and-Window-Phone-8\proj.wp8\WP8\Win32\Debug\libcocos2d\libcocos2d.lib"
         "C:\devtools\cocos2d-x-2.2.2\cocos2d-x-2.2.2\projects\4thYearProject-Windows-8-and-Window-Phone-8\proj.wp8\WP8\Win32\Debug\CocosDenshion\CocosDenshion.lib"
         "C:\devtools\cocos2d-x-2.2.2\cocos2d-x-2.2.2\projects\4thYearProject-Windows-8-and-Window-Phone-8\proj.wp8\WP8\Win32\Debug\libExtensions\libExtensions.lib"
         "C:\devtools\cocos2d-x-2.2.2\cocos2d-x-2.2.2\projects\4thYearProject-Windows-8-and-Window-Phone-8\proj.wp8\WP8\Win32\Debug\Box2D\libBox2D.lib"
         "C:\devtools\cocos2d-x-2.2.2\cocos2d-x-2.2.2\projects\4thYearProject-Windows-8-and-Window-Phone-8\proj.wp8\WP8\Win32\Debug\chipmunk\libchipmunk.lib"
     1>ThreadEmulation.obj : warning LNK4075: ignoring '/EDITANDCONTINUE' due to '/OPT:LBR' specification
         LINK : /LTCG specified but no code generation required; remove /LTCG from the link command line to improve linker performance
         CocosProject.vcxproj -> C:\devtools\cocos2d-x-2.2.2\cocos2d-x-2.2.2\projects\4thYearProject-Windows-8-and-Window-Phone-8\proj.wp8\WP8\Win32\Debug\CocosProject\CocosProject.exe
       XapPackager:
         Begin Xap packaging
         Creating file CocosProject_Debug_Win32.xap
         Adding WMAppManifest.xml
         Adding CocosProject.exe
         Adding CocosDenshion.winmd
         Adding CocosDenshion.dll
         Adding CMakeLists.txt
         Adding Assets\ApplicationIcon.png
         Adding Assets\AlignmentGrid.png
         Adding Assets\Tiles\FlipCycleTileLarge.png
         Adding Assets\Tiles\FlipCycleTileMedium.png
         Adding Assets\Tiles\FlipCycleTileSmall.png
         Adding Assets\Tiles\IconicTileMediumLarge.png
         Adding Assets\Tiles\IconicTileSmall.png
         Adding Assets\Resources\CloseNormal.png
         Adding Assets\Resources\CloseSelected.png
         Adding Assets\Resources\fonts\arial.ttf
         Adding Assets\Resources\fonts\Marker Felt.ttf
         Adding Assets\Resources\HelloWorld.png
         Adding libEGL_phone.dll
         Adding libGLESv2_phone.dll
         Adding libcocos2d.dll
         Xap packaging completed successfully
     1>Done Building Project "C:\devtools\cocos2d-x-2.2.2\cocos2d-x-2.2.2\projects\4thYearProject-Windows-8-and-Window-Phone-8\proj.wp8\CocosProject.vcxproj" (Build target(s)).

Build succeeded.

Time Elapsed 00:00:04.22
