C:\DEVTOOLS\COCOS2D-X-2.2.2\COCOS2D-X-2.2.2\PROJECTS\COCOSPROJECT\PROJ.WP8\DEBUG\COCOSPROJECT.OBJ
C:\DEVTOOLS\COCOS2D-X-2.2.2\COCOS2D-X-2.2.2\PROJECTS\COCOSPROJECT\PROJ.WP8\DEBUG\HELLOWORLDSCENE.OBJ
C:\DEVTOOLS\COCOS2D-X-2.2.2\COCOS2D-X-2.2.2\PROJECTS\COCOSPROJECT\PROJ.WP8\DEBUG\APPDELEGATE.OBJ
C:\DEVTOOLS\COCOS2D-X-2.2.2\COCOS2D-X-2.2.2\PROJECTS\COCOSPROJECT\PROJ.WP8\DEBUG\VC110.PDB
䍞尺敤瑶潯獬捜捯獯搲砭㈭㈮㈮捜捯獯搲砭㈭㈮㈮灜潲敪瑣屳潃潣偳潲敪瑣灜潲⹪灷尸潃潣偳潲敪瑣瘮硣牰橯਍㩃摜癥潴汯屳潣潣㉳ⵤ⵸⸲⸲尲潣潣㉳ⵤ⵸⸲⸲尲牰橯捥獴䍜捯獯牐橯捥屴牰橯眮㡰坜㡐坜湩㈳䑜扥杵䍜捯獯牐橯捥屴潃潣䑳湥桳潩⹮楷浮൤䌊尺敤瑶潯獬捜捯獯搲砭㈭㈮㈮捜捯獯搲砭㈭㈮㈮灜潲敪瑣屳潃潣偳潲敪瑣灜潲⹪灷尸偗尸楗㍮尲敄畢屧潃潣偳潲敪瑣䍜捯獯敄獮楨湯瀮扤਍
C:\DEVTOOLS\COCOS2D-X-2.2.2\COCOS2D-X-2.2.2\PROJECTS\COCOSPROJECT\PROJ.WP8\WP8\WIN32\DEBUG\COCOSPROJECT\COCOSPROJECT.EXE
C:\DEVTOOLS\COCOS2D-X-2.2.2\COCOS2D-X-2.2.2\PROJECTS\COCOSPROJECT\PROJ.WP8\WP8\WIN32\DEBUG\COCOSPROJECT\COCOSPROJECT.PDB
C:\devtools\cocos2d-x-2.2.2\cocos2d-x-2.2.2\projects\CocosProject\proj.wp8\Debug\CocosProject.vcxprojResolveAssemblyReference.cache
C:\devtools\cocos2d-x-2.2.2\cocos2d-x-2.2.2\projects\CocosProject\proj.wp8\Debug\AppDelegate.obj
C:\devtools\cocos2d-x-2.2.2\cocos2d-x-2.2.2\projects\CocosProject\proj.wp8\Debug\CocosProject.obj
C:\devtools\cocos2d-x-2.2.2\cocos2d-x-2.2.2\projects\CocosProject\proj.wp8\Debug\HelloWorldScene.obj
C:\devtools\cocos2d-x-2.2.2\cocos2d-x-2.2.2\projects\CocosProject\proj.wp8\Debug\CL.1636.read.1.tlog
C:\devtools\cocos2d-x-2.2.2\cocos2d-x-2.2.2\projects\CocosProject\proj.wp8\Debug\CL.1636.write.1.tlog
C:\devtools\cocos2d-x-2.2.2\cocos2d-x-2.2.2\projects\CocosProject\proj.wp8\Debug\CL.2492.read.1.tlog
C:\devtools\cocos2d-x-2.2.2\cocos2d-x-2.2.2\projects\CocosProject\proj.wp8\Debug\CL.2492.write.1.tlog
C:\devtools\cocos2d-x-2.2.2\cocos2d-x-2.2.2\projects\CocosProject\proj.wp8\Debug\CL.36.read.1.tlog
C:\devtools\cocos2d-x-2.2.2\cocos2d-x-2.2.2\projects\CocosProject\proj.wp8\Debug\CL.36.write.1.tlog
C:\devtools\cocos2d-x-2.2.2\cocos2d-x-2.2.2\projects\CocosProject\proj.wp8\Debug\CL.4320.read.1.tlog
C:\devtools\cocos2d-x-2.2.2\cocos2d-x-2.2.2\projects\CocosProject\proj.wp8\Debug\CL.4320.write.1.tlog
C:\devtools\cocos2d-x-2.2.2\cocos2d-x-2.2.2\projects\CocosProject\proj.wp8\Debug\CL.4800.read.1.tlog
C:\devtools\cocos2d-x-2.2.2\cocos2d-x-2.2.2\projects\CocosProject\proj.wp8\Debug\CL.4800.write.1.tlog
C:\devtools\cocos2d-x-2.2.2\cocos2d-x-2.2.2\projects\CocosProject\proj.wp8\Debug\CL.5168.read.1.tlog
C:\devtools\cocos2d-x-2.2.2\cocos2d-x-2.2.2\projects\CocosProject\proj.wp8\Debug\CL.5168.write.1.tlog
C:\devtools\cocos2d-x-2.2.2\cocos2d-x-2.2.2\projects\CocosProject\proj.wp8\Debug\cl.command.1.tlog
C:\devtools\cocos2d-x-2.2.2\cocos2d-x-2.2.2\projects\CocosProject\proj.wp8\Debug\CL.read.1.tlog
C:\devtools\cocos2d-x-2.2.2\cocos2d-x-2.2.2\projects\CocosProject\proj.wp8\Debug\cl.write.1.tlog
C:\devtools\cocos2d-x-2.2.2\cocos2d-x-2.2.2\projects\CocosProject\proj.wp8\Debug\CocosProject.write.1.tlog
C:\devtools\cocos2d-x-2.2.2\cocos2d-x-2.2.2\projects\CocosProject\proj.wp8\Debug\link.command.1.tlog
C:\devtools\cocos2d-x-2.2.2\cocos2d-x-2.2.2\projects\CocosProject\proj.wp8\Debug\link.read.1.tlog
C:\devtools\cocos2d-x-2.2.2\cocos2d-x-2.2.2\projects\CocosProject\proj.wp8\Debug\link.write.1.tlog
C:\devtools\cocos2d-x-2.2.2\cocos2d-x-2.2.2\projects\CocosProject\proj.wp8\Debug\vc110.idb
C:\devtools\cocos2d-x-2.2.2\cocos2d-x-2.2.2\projects\CocosProject\proj.wp8\Debug\vc110.pdb
C:\devtools\cocos2d-x-2.2.2\cocos2d-x-2.2.2\projects\CocosProject\proj.wp8\Debug\XapCacheFile.xml
C:\devtools\cocos2d-x-2.2.2\cocos2d-x-2.2.2\projects\CocosProject\proj.wp8\WP8\Win32\Debug\CocosProject\CocosProject.pdb
C:\devtools\cocos2d-x-2.2.2\cocos2d-x-2.2.2\projects\CocosProject\proj.wp8\WP8\Win32\Debug\CocosProject\CocosProject.exe
